#
# There is insufficient memory for the Java Runtime Environment to continue.
# Native memory allocation (malloc) failed to allocate 1048576 bytes for AllocateHeap
# Possible reasons:
#   The system is out of physical RAM or swap space
#   The process is running with CompressedOops enabled, and the Java Heap may be blocking the growth of the native heap
# Possible solutions:
#   Reduce memory load on the system
#   Increase physical memory or swap space
#   Check if swap backing store is full
#   Decrease Java heap size (-Xmx/-Xms)
#   Decrease number of Java threads
#   Decrease Java thread stack sizes (-Xss)
#   Set larger code cache with -XX:ReservedCodeCacheSize=
#   JVM is running with Zero Based Compressed Oops mode in which the Java heap is
#     placed in the first 32GB address space. The Java Heap base address is the
#     maximum limit for the native heap growth. Please use -XX:HeapBaseMinAddress
#     to set the Java Heap base and to place the Java Heap above 32GB virtual address.
# This output file may be truncated or incomplete.
#
#  Out of Memory Error (allocation.cpp:44), pid=18568, tid=18600
#
# JRE version: OpenJDK Runtime Environment Temurin-17.0.5+8 (17.0.5+8) (build 17.0.5+8)
# Java VM: OpenJDK 64-Bit Server VM Temurin-17.0.5+8 (17.0.5+8, mixed mode, emulated-client, tiered, compressed oops, compressed class ptrs, g1 gc, windows-amd64)
# No core dump will be written. Minidumps are not enabled by default on client versions of Windows
#

---------------  S U M M A R Y ------------

Command Line: -Dsts.lsp.client=vscode -Dsts.log.file=/dev/null -XX:TieredStopAtLevel=1 -Xlog:jni+resolve=off -Dspring.config.location=file:c:\Users\FT\.vscode\extensions\pivotal.vscode-spring-boot-1.42.0\language-server\BOOT-INF\classes\application.properties org.springframework.ide.vscode.boot.app.BootLanguageServerBootApp

Host: Intel(R) Core(TM) i7-8750H CPU @ 2.20GHz, 12 cores, 15G,  Windows 11 , 64 bit Build 22621 (10.0.22621.963)
Time: Fri Dec 16 00:56:45 2022 Hora estándar de Argentina elapsed time: 34433.583646 seconds (0d 9h 33m 53s)

---------------  T H R E A D  ---------------

Current thread (0x000001960c4edc90):  VMThread "VM Thread" [stack: 0x0000006799d00000,0x0000006799e00000] [id=18600]

Stack: [0x0000006799d00000,0x0000006799e00000]
Native frames: (J=compiled Java code, j=interpreted, Vv=VM code, C=native code)
V  [jvm.dll+0x676b3a]
V  [jvm.dll+0x831444]
V  [jvm.dll+0x832bee]
V  [jvm.dll+0x833253]
V  [jvm.dll+0x244ce5]
V  [jvm.dll+0xa631f]
V  [jvm.dll+0x2f4f03]
V  [jvm.dll+0x2f0c10]
V  [jvm.dll+0x2d92f7]
V  [jvm.dll+0x31c3b7]
V  [jvm.dll+0x8376fb]
V  [jvm.dll+0x838434]
V  [jvm.dll+0x83894c]
V  [jvm.dll+0x838d24]
V  [jvm.dll+0x838df0]
V  [jvm.dll+0x7e17ea]
V  [jvm.dll+0x6759e5]
C  [ucrtbase.dll+0x29363]
C  [KERNEL32.DLL+0x126bd]
C  [ntdll.dll+0x5dfb8]

VM_Operation (0x000000679b8fed90): G1CollectFull, mode: safepoint, requested by thread 0x000001960e5fb020


---------------  P R O C E S S  ---------------

Threads class SMR info:
_java_thread_list=0x000001960ea76000, length=28, elements={
0x000001960d05f020, 0x000001960d060170, 0x000001960d0a0010, 0x000001960d0a09c0,
0x000001960d0a3b20, 0x000001960d0ab0a0, 0x000001960d0ac1b0, 0x000001960d0ad250,
0x000001960d2ab710, 0x000001960d2ad280, 0x000001960e40eda0, 0x000001960e5fb020,
0x000001960e5fb700, 0x0000019677f5ddc0, 0x000001960e6b7a70, 0x000001960e6e47c0,
0x000001960e70e250, 0x000001960e70f590, 0x000001960e81ba70, 0x000001960e815f00,
0x000001960e817710, 0x000001960e8198c0, 0x000001960e8146f0, 0x000001960e817be0,
0x000001960e8163d0, 0x000001960e816d70, 0x000001960e70fa60, 0x000001960e70ebf0
}

Java Threads: ( => current thread )
  0x000001960d05f020 JavaThread "Reference Handler" daemon [_thread_blocked, id=18464, stack(0x0000006799e00000,0x0000006799f00000)]
  0x000001960d060170 JavaThread "Finalizer" daemon [_thread_blocked, id=19376, stack(0x0000006799f00000,0x000000679a000000)]
  0x000001960d0a0010 JavaThread "Signal Dispatcher" daemon [_thread_blocked, id=19404, stack(0x000000679a000000,0x000000679a100000)]
  0x000001960d0a09c0 JavaThread "Attach Listener" daemon [_thread_blocked, id=19352, stack(0x000000679a100000,0x000000679a200000)]
  0x000001960d0a3b20 JavaThread "Service Thread" daemon [_thread_blocked, id=19380, stack(0x000000679a200000,0x000000679a300000)]
  0x000001960d0ab0a0 JavaThread "Monitor Deflation Thread" daemon [_thread_blocked, id=19384, stack(0x000000679a300000,0x000000679a400000)]
  0x000001960d0ac1b0 JavaThread "C1 CompilerThread0" daemon [_thread_blocked, id=18604, stack(0x000000679a400000,0x000000679a500000)]
  0x000001960d0ad250 JavaThread "Sweeper thread" daemon [_thread_blocked, id=18488, stack(0x000000679a500000,0x000000679a600000)]
  0x000001960d2ab710 JavaThread "Notification Thread" daemon [_thread_blocked, id=19008, stack(0x000000679a800000,0x000000679a900000)]
  0x000001960d2ad280 JavaThread "Common-Cleaner" daemon [_thread_blocked, id=15336, stack(0x000000679aa00000,0x000000679ab00000)]
  0x000001960e40eda0 JavaThread "boundedElastic-evictor-1" daemon [_thread_blocked, id=19996, stack(0x000000679b500000,0x000000679b600000)]
  0x000001960e5fb020 JavaThread "pool-11-thread-1" [_thread_blocked, id=18640, stack(0x000000679b800000,0x000000679b900000)]
  0x000001960e5fb700 JavaThread "LanguageServerApp-lifecycle" [_thread_blocked, id=18644, stack(0x000000679b900000,0x000000679ba00000)]
  0x0000019677f5ddc0 JavaThread "DestroyJavaVM" [_thread_blocked, id=18516, stack(0x0000006799700000,0x0000006799800000)]
  0x000001960e6b7a70 JavaThread "pool-12-thread-1" [_thread_in_native, id=18500, stack(0x000000679ba00000,0x000000679bb00000)]
  0x000001960e6e47c0 JavaThread "Simple-Language-Server main thread" daemon [_thread_blocked, id=3180, stack(0x000000679bb00000,0x000000679bc00000)]
  0x000001960e70e250 JavaThread "pool-8-thread-1" [_thread_blocked, id=20184, stack(0x000000679bf00000,0x000000679c000000)]
  0x000001960e70f590 JavaThread "parallel-1" daemon [_thread_blocked, id=20208, stack(0x000000679c000000,0x000000679c100000)]
  0x000001960e81ba70 JavaThread "Reconciler-1" daemon [_thread_blocked, id=20456, stack(0x000000679d500000,0x000000679d600000)]
  0x000001960e815f00 JavaThread "parallel-2" daemon [_thread_blocked, id=20432, stack(0x000000679d600000,0x000000679d700000)]
  0x000001960e817710 JavaThread "pool-6-thread-1" [_thread_blocked, id=15464, stack(0x000000679db00000,0x000000679dc00000)]
  0x000001960e8198c0 JavaThread "pool-10-thread-1" [_thread_blocked, id=4084, stack(0x000000679dc00000,0x000000679dd00000)]
  0x000001960e8146f0 JavaThread "pool-10-thread-2" [_thread_blocked, id=19156, stack(0x000000679dd00000,0x000000679de00000)]
  0x000001960e817be0 JavaThread "parallel-3" daemon [_thread_blocked, id=19124, stack(0x000000679df00000,0x000000679e000000)]
  0x000001960e8163d0 JavaThread "parallel-4" daemon [_thread_blocked, id=19504, stack(0x000000679e000000,0x000000679e100000)]
  0x000001960e816d70 JavaThread "pool-10-thread-3" [_thread_blocked, id=18416, stack(0x000000679e200000,0x000000679e300000)]
  0x000001960e70fa60 JavaThread "parallel-5" daemon [_thread_blocked, id=17652, stack(0x000000679c200000,0x000000679c300000)]
  0x000001960e70ebf0 JavaThread "parallel-6" daemon [_thread_blocked, id=17464, stack(0x000000679c300000,0x000000679c400000)]

Other Threads:
=>0x000001960c4edc90 VMThread "VM Thread" [stack: 0x0000006799d00000,0x0000006799e00000] [id=18600]
  0x000001960d2abbe0 WatcherThread [stack: 0x000000679a900000,0x000000679aa00000] [id=18952]
  0x000001967a22f400 GCTaskThread "GC Thread#0" [stack: 0x0000006799800000,0x0000006799900000] [id=18580]
  0x000001960d527e00 GCTaskThread "GC Thread#1" [stack: 0x000000679ac00000,0x000000679ad00000] [id=20028]
  0x000001960d5280b0 GCTaskThread "GC Thread#2" [stack: 0x000000679ad00000,0x000000679ae00000] [id=20024]
  0x000001960d528360 GCTaskThread "GC Thread#3" [stack: 0x000000679ae00000,0x000000679af00000] [id=20004]
  0x000001960d528610 GCTaskThread "GC Thread#4" [stack: 0x000000679af00000,0x000000679b000000] [id=20076]
  0x000001960d5288c0 GCTaskThread "GC Thread#5" [stack: 0x000000679b000000,0x000000679b100000] [id=20100]
  0x000001960dec5060 GCTaskThread "GC Thread#6" [stack: 0x000000679b100000,0x000000679b200000] [id=20068]
  0x000001960dec5310 GCTaskThread "GC Thread#7" [stack: 0x000000679b200000,0x000000679b300000] [id=20096]
  0x000001960dec75d0 GCTaskThread "GC Thread#8" [stack: 0x000000679b300000,0x000000679b400000] [id=20112]
  0x000001960dec7e90 GCTaskThread "GC Thread#9" [stack: 0x000000679b400000,0x000000679b500000] [id=20104]
  0x000001967a23ffd0 ConcurrentGCThread "G1 Main Marker" [stack: 0x0000006799900000,0x0000006799a00000] [id=18584]
  0x000001967a2419f0 ConcurrentGCThread "G1 Conc#0" [stack: 0x0000006799a00000,0x0000006799b00000] [id=18592]
  0x000001960e0f6b30 ConcurrentGCThread "G1 Conc#1" [stack: 0x000000679b600000,0x000000679b700000] [id=20160]
  0x000001960e131ed0 ConcurrentGCThread "G1 Conc#2" [stack: 0x000000679b700000,0x000000679b800000] [id=20136]
  0x000001967a26ead0 ConcurrentGCThread "G1 Refine#0" [stack: 0x0000006799b00000,0x0000006799c00000] [id=18596]
  0x000001960e9aaec0 ConcurrentGCThread "G1 Refine#1" [stack: 0x000000679d700000,0x000000679d800000] [id=19980]
  0x000001960e9ab480 ConcurrentGCThread "G1 Refine#2" [stack: 0x000000679d800000,0x000000679d900000] [id=20044]
  0x000001960e9aa620 ConcurrentGCThread "G1 Refine#3" [stack: 0x000000679de00000,0x000000679df00000] [id=18624]
  0x0000019615987a90 ConcurrentGCThread "G1 Refine#4" [stack: 0x000000679e300000,0x000000679e400000] [id=15892]
  0x0000019615988330 ConcurrentGCThread "G1 Refine#5" [stack: 0x000000679e400000,0x000000679e500000] [id=18316]
  0x0000019615986950 ConcurrentGCThread "G1 Refine#6" [stack: 0x000000679e600000,0x000000679e700000] [id=18940]
  0x0000019615986f10 ConcurrentGCThread "G1 Refine#7" [stack: 0x000000679e700000,0x000000679e800000] [id=19204]
  0x0000019615987d70 ConcurrentGCThread "G1 Refine#8" [stack: 0x000000679e800000,0x000000679e900000] [id=10096]
  0x00000196159871f0 ConcurrentGCThread "G1 Refine#9" [stack: 0x000000679e900000,0x000000679ea00000] [id=12708]
  0x000001960c3a0780 ConcurrentGCThread "G1 Service" [stack: 0x0000006799c00000,0x0000006799d00000] [id=18608]

Threads with active compile tasks:

VM state: at safepoint (normal execution)

VM Mutex/Monitor currently owned by a thread:  ([mutex/lock_event])
[0x0000019677f5ac00] Threads_lock - owner thread: 0x000001960c4edc90
[0x0000019677f5b470] Heap_lock - owner thread: 0x000001960e5fb020

Heap address: 0x0000000703600000, size: 4042 MB, Compressed Oops mode: Zero based, Oop shift amount: 3

CDS archive(s) not mapped
Compressed class space mapped at: 0x0000000800000000-0x0000000840000000, reserved size: 1073741824
Narrow klass base: 0x0000000800000000, Narrow klass shift: 0, Narrow klass range: 0x40000000

GC Precious Log:
 CPUs: 12 total, 12 available
 Memory: 16164M
 Large Page Support: Disabled
 NUMA Support: Disabled
 Compressed Oops: Enabled (Zero based)
 Heap Region Size: 2M
 Heap Min Capacity: 8M
 Heap Initial Capacity: 254M
 Heap Max Capacity: 4042M
 Pre-touch: Disabled
 Parallel Workers: 10
 Concurrent Workers: 3
 Concurrent Refinement Workers: 10
 Periodic GC: Disabled

Heap:
 garbage-first heap   total 137216K, used 39881K [0x0000000703600000, 0x0000000800000000)
  region size 2048K, 1 young (2048K), 0 survivors (0K)
 Metaspace       used 67218K, committed 67776K, reserved 1114112K
  class space    used 9045K, committed 9280K, reserved 1048576K

Heap Regions: E=young(eden), S=young(survivor), O=old, HS=humongous(starts), HC=humongous(continues), CS=collection set, F=free, OA=open archive, CA=closed archive, TAMS=top-at-mark-start (previous, next)
|   0|0x0000000703600000, 0x0000000703800000, 0x0000000703800000|100%| O|  |TAMS 0x0000000703800000, 0x0000000703600000| Untracked 
|   1|0x0000000703800000, 0x00000007039ffff8, 0x0000000703a00000| 99%| O|  |TAMS 0x00000007039ffff8, 0x0000000703800000| Untracked 
|   2|0x0000000703a00000, 0x0000000703c00000, 0x0000000703c00000|100%| O|  |TAMS 0x0000000703c00000, 0x0000000703a00000| Untracked 
|   3|0x0000000703c00000, 0x0000000703ded038, 0x0000000703e00000| 96%| O|  |TAMS 0x0000000703ded038, 0x0000000703c00000| Untracked 
|   4|0x0000000703e00000, 0x0000000703ffffe0, 0x0000000704000000| 99%| O|  |TAMS 0x0000000703ffffe0, 0x0000000703e00000| Untracked 
|   5|0x0000000704000000, 0x00000007041fffe0, 0x0000000704200000| 99%| O|  |TAMS 0x00000007041fffe0, 0x0000000704000000| Untracked 
|   6|0x0000000704200000, 0x00000007043ffff0, 0x0000000704400000| 99%| O|  |TAMS 0x00000007043ffff0, 0x0000000704200000| Untracked 
|   7|0x0000000704400000, 0x00000007045ff558, 0x0000000704600000| 99%| O|  |TAMS 0x00000007045ff558, 0x0000000704400000| Untracked 
|   8|0x0000000704600000, 0x00000007047fffc0, 0x0000000704800000| 99%| O|  |TAMS 0x00000007047fffc0, 0x0000000704600000| Untracked 
|   9|0x0000000704800000, 0x0000000704a00000, 0x0000000704a00000|100%| O|  |TAMS 0x0000000704a00000, 0x0000000704800000| Untracked 
|  10|0x0000000704a00000, 0x0000000704bffff0, 0x0000000704c00000| 99%| O|  |TAMS 0x0000000704bffff0, 0x0000000704a00000| Untracked 
|  11|0x0000000704c00000, 0x0000000704dfffd8, 0x0000000704e00000| 99%| O|  |TAMS 0x0000000704dfffd8, 0x0000000704c00000| Untracked 
|  12|0x0000000704e00000, 0x0000000704ff16c8, 0x0000000705000000| 97%| O|  |TAMS 0x0000000704ff16c8, 0x0000000704e00000| Untracked 
|  13|0x0000000705000000, 0x00000007051ffff8, 0x0000000705200000| 99%| O|  |TAMS 0x00000007051ffff8, 0x0000000705000000| Untracked 
|  14|0x0000000705200000, 0x0000000705400000, 0x0000000705400000|100%| O|  |TAMS 0x0000000705400000, 0x0000000705200000| Untracked 
|  15|0x0000000705400000, 0x00000007055fffe8, 0x0000000705600000| 99%| O|  |TAMS 0x00000007055fffe8, 0x0000000705400000| Untracked 
|  16|0x0000000705600000, 0x0000000705800000, 0x0000000705800000|100%| O|  |TAMS 0x0000000705800000, 0x0000000705600000| Untracked 
|  17|0x0000000705800000, 0x00000007059fec70, 0x0000000705a00000| 99%| O|  |TAMS 0x00000007059fec70, 0x0000000705800000| Untracked 
|  18|0x0000000705a00000, 0x0000000705b15878, 0x0000000705c00000| 54%| O|  |TAMS 0x0000000705a00000, 0x0000000705a00000| Untracked 
|  19|0x0000000705c00000, 0x0000000705c006f8, 0x0000000705e00000|  0%| O|  |TAMS 0x0000000705c00000, 0x0000000705c00000| Untracked 
|  20|0x0000000705e00000, 0x0000000705e00000, 0x0000000706000000|  0%| F|  |TAMS 0x0000000705e00000, 0x0000000705e00000| Untracked 
|  21|0x0000000706000000, 0x0000000706000000, 0x0000000706200000|  0%| F|  |TAMS 0x0000000706000000, 0x0000000706000000| Untracked 
|  22|0x0000000706200000, 0x0000000706200000, 0x0000000706400000|  0%| F|  |TAMS 0x0000000706200000, 0x0000000706200000| Untracked 
|  23|0x0000000706400000, 0x0000000706400000, 0x0000000706600000|  0%| F|  |TAMS 0x0000000706400000, 0x0000000706400000| Untracked 
|  24|0x0000000706600000, 0x0000000706600000, 0x0000000706800000|  0%| F|  |TAMS 0x0000000706600000, 0x0000000706600000| Untracked 
|  25|0x0000000706800000, 0x0000000706800000, 0x0000000706a00000|  0%| F|  |TAMS 0x0000000706800000, 0x0000000706800000| Untracked 
|  26|0x0000000706a00000, 0x0000000706a00000, 0x0000000706c00000|  0%| F|  |TAMS 0x0000000706a00000, 0x0000000706a00000| Untracked 
|  27|0x0000000706c00000, 0x0000000706c00000, 0x0000000706e00000|  0%| F|  |TAMS 0x0000000706c00000, 0x0000000706c00000| Untracked 
|  28|0x0000000706e00000, 0x0000000706e00000, 0x0000000707000000|  0%| F|  |TAMS 0x0000000706e00000, 0x0000000706e00000| Untracked 
|  29|0x0000000707000000, 0x0000000707000000, 0x0000000707200000|  0%| F|  |TAMS 0x0000000707000000, 0x0000000707000000| Untracked 
|  30|0x0000000707200000, 0x0000000707200000, 0x0000000707400000|  0%| F|  |TAMS 0x0000000707200000, 0x0000000707200000| Untracked 
|  31|0x0000000707400000, 0x0000000707400000, 0x0000000707600000|  0%| F|  |TAMS 0x0000000707400000, 0x0000000707400000| Untracked 
|  32|0x0000000707600000, 0x0000000707800000, 0x0000000707800000|100%|HS|  |TAMS 0x0000000707800000, 0x0000000707600000| Untracked 
|  33|0x0000000707800000, 0x0000000707800000, 0x0000000707a00000|  0%| F|  |TAMS 0x0000000707800000, 0x0000000707800000| Untracked 
|  34|0x0000000707a00000, 0x0000000707a00000, 0x0000000707c00000|  0%| F|  |TAMS 0x0000000707a00000, 0x0000000707a00000| Untracked 
|  35|0x0000000707c00000, 0x0000000707c00000, 0x0000000707e00000|  0%| F|  |TAMS 0x0000000707c00000, 0x0000000707c00000| Untracked 
|  36|0x0000000707e00000, 0x0000000707e00000, 0x0000000708000000|  0%| F|  |TAMS 0x0000000707e00000, 0x0000000707e00000| Untracked 
|  37|0x0000000708000000, 0x0000000708000000, 0x0000000708200000|  0%| F|  |TAMS 0x0000000708000000, 0x0000000708000000| Untracked 
|  38|0x0000000708200000, 0x0000000708200000, 0x0000000708400000|  0%| F|  |TAMS 0x0000000708200000, 0x0000000708200000| Untracked 
|  39|0x0000000708400000, 0x0000000708400000, 0x0000000708600000|  0%| F|  |TAMS 0x0000000708400000, 0x0000000708400000| Untracked 
|  40|0x0000000708600000, 0x0000000708600000, 0x0000000708800000|  0%| F|  |TAMS 0x0000000708600000, 0x0000000708600000| Untracked 
|  41|0x0000000708800000, 0x0000000708800000, 0x0000000708a00000|  0%| F|  |TAMS 0x0000000708800000, 0x0000000708800000| Untracked 
|  42|0x0000000708a00000, 0x0000000708a00000, 0x0000000708c00000|  0%| F|  |TAMS 0x0000000708a00000, 0x0000000708a00000| Untracked 
|  43|0x0000000708c00000, 0x0000000708c00000, 0x0000000708e00000|  0%| F|  |TAMS 0x0000000708c00000, 0x0000000708c00000| Untracked 
|  44|0x0000000708e00000, 0x0000000708e00000, 0x0000000709000000|  0%| F|  |TAMS 0x0000000708e00000, 0x0000000708e00000| Untracked 
|  45|0x0000000709000000, 0x0000000709000000, 0x0000000709200000|  0%| F|  |TAMS 0x0000000709000000, 0x0000000709000000| Untracked 
|  46|0x0000000709200000, 0x0000000709200000, 0x0000000709400000|  0%| F|  |TAMS 0x0000000709200000, 0x0000000709200000| Untracked 
|  47|0x0000000709400000, 0x0000000709400000, 0x0000000709600000|  0%| F|  |TAMS 0x0000000709400000, 0x0000000709400000| Untracked 
|  48|0x0000000709600000, 0x0000000709600000, 0x0000000709800000|  0%| F|  |TAMS 0x0000000709600000, 0x0000000709600000| Untracked 
|  49|0x0000000709800000, 0x0000000709800000, 0x0000000709a00000|  0%| F|  |TAMS 0x0000000709800000, 0x0000000709800000| Untracked 
|  50|0x0000000709a00000, 0x0000000709a00000, 0x0000000709c00000|  0%| F|  |TAMS 0x0000000709a00000, 0x0000000709a00000| Untracked 
|  51|0x0000000709c00000, 0x0000000709c00000, 0x0000000709e00000|  0%| F|  |TAMS 0x0000000709c00000, 0x0000000709c00000| Untracked 
|  52|0x0000000709e00000, 0x0000000709e00000, 0x000000070a000000|  0%| F|  |TAMS 0x0000000709e00000, 0x0000000709e00000| Untracked 
|  53|0x000000070a000000, 0x000000070a000000, 0x000000070a200000|  0%| F|  |TAMS 0x000000070a000000, 0x000000070a000000| Untracked 
|  54|0x000000070a200000, 0x000000070a200000, 0x000000070a400000|  0%| F|  |TAMS 0x000000070a200000, 0x000000070a200000| Untracked 
|  55|0x000000070a400000, 0x000000070a400000, 0x000000070a600000|  0%| F|  |TAMS 0x000000070a400000, 0x000000070a400000| Untracked 
|  56|0x000000070a600000, 0x000000070a600000, 0x000000070a800000|  0%| F|  |TAMS 0x000000070a600000, 0x000000070a600000| Untracked 
|  57|0x000000070a800000, 0x000000070a800000, 0x000000070aa00000|  0%| F|  |TAMS 0x000000070a800000, 0x000000070a800000| Untracked 
|  58|0x000000070aa00000, 0x000000070aa00000, 0x000000070ac00000|  0%| F|  |TAMS 0x000000070aa00000, 0x000000070aa00000| Untracked 
|  59|0x000000070ac00000, 0x000000070ac00000, 0x000000070ae00000|  0%| F|  |TAMS 0x000000070ac00000, 0x000000070ac00000| Untracked 
|  60|0x000000070ae00000, 0x000000070ae00000, 0x000000070b000000|  0%| F|  |TAMS 0x000000070ae00000, 0x000000070ae00000| Untracked 
|  61|0x000000070b000000, 0x000000070b000000, 0x000000070b200000|  0%| F|  |TAMS 0x000000070b000000, 0x000000070b000000| Untracked 
|  62|0x000000070b200000, 0x000000070b200000, 0x000000070b400000|  0%| F|  |TAMS 0x000000070b200000, 0x000000070b200000| Untracked 
|  63|0x000000070b400000, 0x000000070b400000, 0x000000070b600000|  0%| F|  |TAMS 0x000000070b400000, 0x000000070b400000| Untracked 
|  64|0x000000070b600000, 0x000000070b600000, 0x000000070b800000|  0%| F|  |TAMS 0x000000070b600000, 0x000000070b600000| Untracked 
|  65|0x000000070b800000, 0x000000070b800000, 0x000000070ba00000|  0%| F|  |TAMS 0x000000070b800000, 0x000000070b800000| Untracked 
|  66|0x000000070ba00000, 0x000000070ba1df68, 0x000000070bc00000|  5%| E|  |TAMS 0x000000070ba00000, 0x000000070ba00000| Complete 

Card table byte_map: [0x0000019600a10000,0x0000019601200000] _byte_map_base: 0x00000195fd1f5000

Marking Bits (Prev, Next): (CMBitMap*) 0x000001967a22fa50, (CMBitMap*) 0x000001967a22fa10
 Prev Bits: [0x0000019605920000, 0x0000019609848000)
 Next Bits: [0x00000196019f0000, 0x0000019605918000)

Polling page: 0x0000019678120000

Metaspace:

Usage:
  Non-class:     56.81 MB used.
      Class:      8.83 MB used.
       Both:     65.64 MB used.

Virtual space:
  Non-class space:       64.00 MB reserved,      57.12 MB ( 89%) committed,  8 nodes.
      Class space:        1.00 GB reserved,       9.06 MB ( <1%) committed,  1 nodes.
             Both:        1.06 GB reserved,      66.19 MB (  6%) committed. 

Chunk freelists:
   Non-Class:  2.89 MB
       Class:  2.89 MB
        Both:  5.79 MB

MaxMetaspaceSize: unlimited
CompressedClassSpaceSize: 1.00 GB
Initial GC threshold: 21.00 MB
Current GC threshold: 110.31 MB
CDS: off
MetaspaceReclaimPolicy: balanced
 - commit_granule_bytes: 65536.
 - commit_granule_words: 8192.
 - virtual_space_node_default_size: 1048576.
 - enlarge_chunks_in_place: 1.
 - new_chunks_are_fully_committed: 0.
 - uncommit_free_chunks: 1.
 - use_allocation_guard: 0.
 - handle_deallocations: 1.


Internal statistics:

num_allocs_failed_limit: 17.
num_arena_births: 540.
num_arena_deaths: 150.
num_vsnodes_births: 9.
num_vsnodes_deaths: 0.
num_space_committed: 1059.
num_space_uncommitted: 0.
num_chunks_returned_to_freelist: 190.
num_chunks_taken_from_freelist: 2629.
num_chunk_merges: 71.
num_chunk_splits: 1895.
num_chunks_enlarged: 1485.
num_purges: 6.
num_inconsistent_stats: 0.

CodeCache: size=49152Kb used=18578Kb max_used=20047Kb free=30573Kb
 bounds [0x000001967ce30000, 0x000001967e1d0000, 0x000001967fe30000]
 total_blobs=10662 nmethods=9984 adapters=604
 compilation: enabled
              stopped_count=0, restarted_count=0
 full_count=0

Compilation events (20 events):
Event: 2698.681 Thread 0x000001960d0ac1b0 10112       1       java.lang.invoke.LambdaForm$DMH/0x000000080092c400::newInvokeSpecial (23 bytes)
Event: 2698.681 Thread 0x000001960d0ac1b0 nmethod 10112 0x000001967cfa2890 code [0x000001967cfa2a40, 0x000001967cfa2be8]
Event: 2698.681 Thread 0x000001960d0ac1b0 10113       1       java.lang.ProcessImpl$$Lambda$1172/0x0000000800618de0::<init> (10 bytes)
Event: 2698.682 Thread 0x000001960d0ac1b0 nmethod 10113 0x000001967cfa2590 code [0x000001967cfa2720, 0x000001967cfa27f8]
Event: 2698.682 Thread 0x000001960d0ac1b0 10115       1       java.lang.ProcessHandleImpl::getInternal (13 bytes)
Event: 2698.682 Thread 0x000001960d0ac1b0 nmethod 10115 0x000001967cfa2210 code [0x000001967cfa23a0, 0x000001967cfa2508]
Event: 2698.682 Thread 0x000001960d0ac1b0 10116       1       java.lang.ProcessImpl$2::<init> (20 bytes)
Event: 2698.682 Thread 0x000001960d0ac1b0 nmethod 10116 0x000001967cfa1e90 code [0x000001967cfa2020, 0x000001967cfa2198]
Event: 2698.682 Thread 0x000001960d0ac1b0 10117       1       java.lang.ProcessImpl$2::run (5 bytes)
Event: 2698.682 Thread 0x000001960d0ac1b0 nmethod 10117 0x000001967cfa1b90 code [0x000001967cfa1d20, 0x000001967cfa1e08]
Event: 2698.682 Thread 0x000001960d0ac1b0 10118       1       java.lang.ProcessImpl$2::run (242 bytes)
Event: 2698.684 Thread 0x000001960d0ac1b0 nmethod 10118 0x000001967cfa0490 code [0x000001967cfa0740, 0x000001967cfa1598]
Event: 2698.684 Thread 0x000001960d0ac1b0 10119       1       java.lang.ProcessImpl::waitFor (136 bytes)
Event: 2698.684 Thread 0x000001960d0ac1b0 nmethod 10119 0x000001967cf9fc10 code [0x000001967cf9fe20, 0x000001967cfa0238]
Event: 2698.782 Thread 0x000001960d0ac1b0 10120   !   1       java.io.FilterOutputStream::close (183 bytes)
Event: 2698.810 Thread 0x000001960d0ac1b0 nmethod 10120 0x000001967cf9ea90 code [0x000001967cf9eca0, 0x000001967cf9f198]
Event: 2698.810 Thread 0x000001960d0ac1b0 10122       1       java.lang.ProcessImpl$$Lambda$1172/0x0000000800618de0::run (8 bytes)
Event: 2698.810 Thread 0x000001960d0ac1b0 nmethod 10122 0x000001967cf9e790 code [0x000001967cf9e920, 0x000001967cf9ea08]
Event: 2698.810 Thread 0x000001960d0ac1b0 10123       1       java.lang.ProcessImpl::lambda$new$0 (6 bytes)
Event: 2698.810 Thread 0x000001960d0ac1b0 nmethod 10123 0x000001967cf9e490 code [0x000001967cf9e620, 0x000001967cf9e6e8]

GC Heap History (20 events):
Event: 34331.642 GC heap before
{Heap before GC invocations=3387 (full 3358):
 garbage-first heap   total 137216K, used 39881K [0x0000000703600000, 0x0000000800000000)
  region size 2048K, 1 young (2048K), 0 survivors (0K)
 Metaspace       used 67218K, committed 67776K, reserved 1114112K
  class space    used 9045K, committed 9280K, reserved 1048576K
}
Event: 34331.675 GC heap after
{Heap after GC invocations=3388 (full 3359):
 garbage-first heap   total 137216K, used 39881K [0x0000000703600000, 0x0000000800000000)
  region size 2048K, 0 young (0K), 0 survivors (0K)
 Metaspace       used 67218K, committed 67776K, reserved 1114112K
  class space    used 9045K, committed 9280K, reserved 1048576K
}
Event: 34341.867 GC heap before
{Heap before GC invocations=3388 (full 3359):
 garbage-first heap   total 137216K, used 39881K [0x0000000703600000, 0x0000000800000000)
  region size 2048K, 1 young (2048K), 0 survivors (0K)
 Metaspace       used 67218K, committed 67776K, reserved 1114112K
  class space    used 9045K, committed 9280K, reserved 1048576K
}
Event: 34341.917 GC heap after
{Heap after GC invocations=3389 (full 3360):
 garbage-first heap   total 137216K, used 39881K [0x0000000703600000, 0x0000000800000000)
  region size 2048K, 0 young (0K), 0 survivors (0K)
 Metaspace       used 67218K, committed 67776K, reserved 1114112K
  class space    used 9045K, committed 9280K, reserved 1048576K
}
Event: 34352.051 GC heap before
{Heap before GC invocations=3389 (full 3360):
 garbage-first heap   total 137216K, used 39881K [0x0000000703600000, 0x0000000800000000)
  region size 2048K, 1 young (2048K), 0 survivors (0K)
 Metaspace       used 67218K, committed 67776K, reserved 1114112K
  class space    used 9045K, committed 9280K, reserved 1048576K
}
Event: 34352.083 GC heap after
{Heap after GC invocations=3390 (full 3361):
 garbage-first heap   total 137216K, used 39881K [0x0000000703600000, 0x0000000800000000)
  region size 2048K, 0 young (0K), 0 survivors (0K)
 Metaspace       used 67218K, committed 67776K, reserved 1114112K
  class space    used 9045K, committed 9280K, reserved 1048576K
}
Event: 34362.228 GC heap before
{Heap before GC invocations=3390 (full 3361):
 garbage-first heap   total 137216K, used 39881K [0x0000000703600000, 0x0000000800000000)
  region size 2048K, 1 young (2048K), 0 survivors (0K)
 Metaspace       used 67218K, committed 67776K, reserved 1114112K
  class space    used 9045K, committed 9280K, reserved 1048576K
}
Event: 34362.259 GC heap after
{Heap after GC invocations=3391 (full 3362):
 garbage-first heap   total 137216K, used 39881K [0x0000000703600000, 0x0000000800000000)
  region size 2048K, 0 young (0K), 0 survivors (0K)
 Metaspace       used 67218K, committed 67776K, reserved 1114112K
  class space    used 9045K, committed 9280K, reserved 1048576K
}
Event: 34372.392 GC heap before
{Heap before GC invocations=3391 (full 3362):
 garbage-first heap   total 137216K, used 39881K [0x0000000703600000, 0x0000000800000000)
  region size 2048K, 1 young (2048K), 0 survivors (0K)
 Metaspace       used 67218K, committed 67776K, reserved 1114112K
  class space    used 9045K, committed 9280K, reserved 1048576K
}
Event: 34372.426 GC heap after
{Heap after GC invocations=3392 (full 3363):
 garbage-first heap   total 137216K, used 39881K [0x0000000703600000, 0x0000000800000000)
  region size 2048K, 0 young (0K), 0 survivors (0K)
 Metaspace       used 67218K, committed 67776K, reserved 1114112K
  class space    used 9045K, committed 9280K, reserved 1048576K
}
Event: 34382.562 GC heap before
{Heap before GC invocations=3392 (full 3363):
 garbage-first heap   total 137216K, used 39881K [0x0000000703600000, 0x0000000800000000)
  region size 2048K, 1 young (2048K), 0 survivors (0K)
 Metaspace       used 67218K, committed 67776K, reserved 1114112K
  class space    used 9045K, committed 9280K, reserved 1048576K
}
Event: 34382.591 GC heap after
{Heap after GC invocations=3393 (full 3364):
 garbage-first heap   total 137216K, used 39881K [0x0000000703600000, 0x0000000800000000)
  region size 2048K, 0 young (0K), 0 survivors (0K)
 Metaspace       used 67218K, committed 67776K, reserved 1114112K
  class space    used 9045K, committed 9280K, reserved 1048576K
}
Event: 34392.733 GC heap before
{Heap before GC invocations=3393 (full 3364):
 garbage-first heap   total 137216K, used 39881K [0x0000000703600000, 0x0000000800000000)
  region size 2048K, 1 young (2048K), 0 survivors (0K)
 Metaspace       used 67218K, committed 67776K, reserved 1114112K
  class space    used 9045K, committed 9280K, reserved 1048576K
}
Event: 34392.764 GC heap after
{Heap after GC invocations=3394 (full 3365):
 garbage-first heap   total 137216K, used 39881K [0x0000000703600000, 0x0000000800000000)
  region size 2048K, 0 young (0K), 0 survivors (0K)
 Metaspace       used 67218K, committed 67776K, reserved 1114112K
  class space    used 9045K, committed 9280K, reserved 1048576K
}
Event: 34402.902 GC heap before
{Heap before GC invocations=3394 (full 3365):
 garbage-first heap   total 137216K, used 39881K [0x0000000703600000, 0x0000000800000000)
  region size 2048K, 1 young (2048K), 0 survivors (0K)
 Metaspace       used 67218K, committed 67776K, reserved 1114112K
  class space    used 9045K, committed 9280K, reserved 1048576K
}
Event: 34402.933 GC heap after
{Heap after GC invocations=3395 (full 3366):
 garbage-first heap   total 137216K, used 39881K [0x0000000703600000, 0x0000000800000000)
  region size 2048K, 0 young (0K), 0 survivors (0K)
 Metaspace       used 67218K, committed 67776K, reserved 1114112K
  class space    used 9045K, committed 9280K, reserved 1048576K
}
Event: 34413.075 GC heap before
{Heap before GC invocations=3395 (full 3366):
 garbage-first heap   total 137216K, used 39881K [0x0000000703600000, 0x0000000800000000)
  region size 2048K, 1 young (2048K), 0 survivors (0K)
 Metaspace       used 67218K, committed 67776K, reserved 1114112K
  class space    used 9045K, committed 9280K, reserved 1048576K
}
Event: 34413.107 GC heap after
{Heap after GC invocations=3396 (full 3367):
 garbage-first heap   total 137216K, used 39881K [0x0000000703600000, 0x0000000800000000)
  region size 2048K, 0 young (0K), 0 survivors (0K)
 Metaspace       used 67218K, committed 67776K, reserved 1114112K
  class space    used 9045K, committed 9280K, reserved 1048576K
}
Event: 34423.233 GC heap before
{Heap before GC invocations=3396 (full 3367):
 garbage-first heap   total 137216K, used 39881K [0x0000000703600000, 0x0000000800000000)
  region size 2048K, 1 young (2048K), 0 survivors (0K)
 Metaspace       used 67218K, committed 67776K, reserved 1114112K
  class space    used 9045K, committed 9280K, reserved 1048576K
}
Event: 34423.267 GC heap after
{Heap after GC invocations=3397 (full 3368):
 garbage-first heap   total 137216K, used 39881K [0x0000000703600000, 0x0000000800000000)
  region size 2048K, 0 young (0K), 0 survivors (0K)
 Metaspace       used 67218K, committed 67776K, reserved 1114112K
  class space    used 9045K, committed 9280K, reserved 1048576K
}

Dll operation events (10 events):
Event: 0.031 Loaded shared library c:\Users\FT\.vscode\extensions\redhat.java-1.13.0-win32-x64\jre\17.0.5-win32-x86_64\bin\java.dll
Event: 0.325 Loaded shared library C:\Users\FT\.vscode\extensions\redhat.java-1.13.0-win32-x64\jre\17.0.5-win32-x86_64\bin\net.dll
Event: 0.327 Loaded shared library C:\Users\FT\.vscode\extensions\redhat.java-1.13.0-win32-x64\jre\17.0.5-win32-x86_64\bin\nio.dll
Event: 0.660 Loaded shared library C:\Users\FT\.vscode\extensions\redhat.java-1.13.0-win32-x64\jre\17.0.5-win32-x86_64\bin\zip.dll
Event: 5.927 Loaded shared library c:\Users\FT\.vscode\extensions\redhat.java-1.13.0-win32-x64\jre\17.0.5-win32-x86_64\bin\verify.dll
Event: 5.936 Loaded shared library C:\Users\FT\.vscode\extensions\redhat.java-1.13.0-win32-x64\jre\17.0.5-win32-x86_64\bin\jimage.dll
Event: 7.381 Loaded shared library C:\Users\FT\.vscode\extensions\redhat.java-1.13.0-win32-x64\jre\17.0.5-win32-x86_64\bin\management.dll
Event: 7.387 Loaded shared library C:\Users\FT\.vscode\extensions\redhat.java-1.13.0-win32-x64\jre\17.0.5-win32-x86_64\bin\management_ext.dll
Event: 11.211 Loaded shared library C:\Users\FT\.vscode\extensions\redhat.java-1.13.0-win32-x64\jre\17.0.5-win32-x86_64\bin\sunmscapi.dll
Event: 13.672 Loaded shared library C:\Users\FT\AppData\Local\Temp\snappy-1.1.8-7ff20c08-4aa4-4940-9b33-4a763aa0eef3-snappyjava.dll

Deoptimization events (20 events):
Event: 13.543 Thread 0x000001960e8168a0 DEOPT PACKING pc=0x000001967dbdd604 sp=0x000000679e1fdb30
Event: 13.543 Thread 0x000001960e8168a0 DEOPT UNPACKING pc=0x000001967ce82b43 sp=0x000000679e1fd080 mode 0
Event: 13.543 Thread 0x000001960e8168a0 DEOPT PACKING pc=0x000001967dbdd604 sp=0x000000679e1fde20
Event: 13.543 Thread 0x000001960e8168a0 DEOPT UNPACKING pc=0x000001967ce82b43 sp=0x000000679e1fd370 mode 0
Event: 13.543 Thread 0x000001960e8168a0 DEOPT PACKING pc=0x000001967dbdd604 sp=0x000000679e1fe150
Event: 13.543 Thread 0x000001960e8168a0 DEOPT UNPACKING pc=0x000001967ce82b43 sp=0x000000679e1fd6a0 mode 0
Event: 13.543 Thread 0x000001960e8168a0 DEOPT PACKING pc=0x000001967dbdd604 sp=0x000000679e1fe430
Event: 13.543 Thread 0x000001960e8168a0 DEOPT UNPACKING pc=0x000001967ce82b43 sp=0x000000679e1fd980 mode 0
Event: 14.920 Thread 0x000001960e70cf10 DEOPT PACKING pc=0x000001967d38eae2 sp=0x000000679c1fdae0
Event: 14.920 Thread 0x000001960e70cf10 DEOPT UNPACKING pc=0x000001967ce82b43 sp=0x000000679c1fcfe8 mode 3
Event: 15.207 Thread 0x000001960e70cf10 DEOPT PACKING pc=0x000001967dff173c sp=0x000000679c1fe260
Event: 15.207 Thread 0x000001960e70cf10 DEOPT UNPACKING pc=0x000001967ce82b43 sp=0x000000679c1fd758 mode 0
Event: 15.207 Thread 0x000001960e70cf10 DEOPT PACKING pc=0x000001967dfbd734 sp=0x000000679c1fe330
Event: 15.207 Thread 0x000001960e70cf10 DEOPT UNPACKING pc=0x000001967ce82b43 sp=0x000000679c1fd808 mode 0
Event: 15.207 Thread 0x000001960e70cf10 DEOPT PACKING pc=0x000001967e0193fc sp=0x000000679c1fe3e0
Event: 15.207 Thread 0x000001960e70cf10 DEOPT UNPACKING pc=0x000001967ce82b43 sp=0x000000679c1fd960 mode 0
Event: 15.207 Thread 0x000001960e70cf10 DEOPT PACKING pc=0x000001967e00d49c sp=0x000000679c1fe6e0
Event: 15.207 Thread 0x000001960e70cf10 DEOPT UNPACKING pc=0x000001967ce82b43 sp=0x000000679c1fdb70 mode 0
Event: 102.851 Thread 0x000001960e6b7a70 DEOPT PACKING pc=0x000001967d4ddf54 sp=0x000000679bafed80
Event: 102.851 Thread 0x000001960e6b7a70 DEOPT UNPACKING pc=0x000001967ce82b43 sp=0x000000679bafe208 mode 0

Classes unloaded (20 events):
Event: 151.189 Thread 0x000001960c4edc90 Unloading class 0x000000080034c000 'java/lang/invoke/LambdaForm$DMH+0x000000080034c000'
Event: 151.189 Thread 0x000001960c4edc90 Unloading class 0x000000080020f800 'java/lang/invoke/LambdaForm$MH+0x000000080020f800'
Event: 151.189 Thread 0x000001960c4edc90 Unloading class 0x000000080020ec00 'java/lang/invoke/LambdaForm$MH+0x000000080020ec00'
Event: 151.189 Thread 0x000001960c4edc90 Unloading class 0x0000000800207000 'java/lang/invoke/LambdaForm$MH+0x0000000800207000'
Event: 151.189 Thread 0x000001960c4edc90 Unloading class 0x0000000800206c00 'java/lang/invoke/LambdaForm$MH+0x0000000800206c00'
Event: 151.189 Thread 0x000001960c4edc90 Unloading class 0x0000000800206800 'java/lang/invoke/LambdaForm$MH+0x0000000800206800'
Event: 151.189 Thread 0x000001960c4edc90 Unloading class 0x0000000800206400 'java/lang/invoke/LambdaForm$MH+0x0000000800206400'
Event: 151.189 Thread 0x000001960c4edc90 Unloading class 0x0000000800206000 'java/lang/invoke/LambdaForm$MH+0x0000000800206000'
Event: 151.189 Thread 0x000001960c4edc90 Unloading class 0x0000000800205800 'java/lang/invoke/LambdaForm$MH+0x0000000800205800'
Event: 151.189 Thread 0x000001960c4edc90 Unloading class 0x00000008000d2800 'java/lang/invoke/LambdaForm$MH+0x00000008000d2800'
Event: 151.189 Thread 0x000001960c4edc90 Unloading class 0x00000008000d2000 'java/lang/invoke/LambdaForm$MH+0x00000008000d2000'
Event: 151.189 Thread 0x000001960c4edc90 Unloading class 0x00000008000d1c00 'java/lang/invoke/LambdaForm$MH+0x00000008000d1c00'
Event: 151.189 Thread 0x000001960c4edc90 Unloading class 0x00000008000d1800 'java/lang/invoke/LambdaForm$MH+0x00000008000d1800'
Event: 151.189 Thread 0x000001960c4edc90 Unloading class 0x00000008000d1000 'java/lang/invoke/LambdaForm$MH+0x00000008000d1000'
Event: 151.189 Thread 0x000001960c4edc90 Unloading class 0x00000008000d0c00 'java/lang/invoke/LambdaForm$MH+0x00000008000d0c00'
Event: 151.189 Thread 0x000001960c4edc90 Unloading class 0x00000008000d0800 'java/lang/invoke/LambdaForm$MH+0x00000008000d0800'
Event: 151.189 Thread 0x000001960c4edc90 Unloading class 0x00000008000d0000 'java/lang/invoke/LambdaForm$MH+0x00000008000d0000'
Event: 1338.276 Thread 0x000001960c4edc90 Unloading class 0x00000008005f0000 'java/lang/invoke/LambdaForm$MH+0x00000008005f0000'
Event: 1338.276 Thread 0x000001960c4edc90 Unloading class 0x0000000800914400 'java/lang/invoke/LambdaForm$MH+0x0000000800914400'
Event: 1338.276 Thread 0x000001960c4edc90 Unloading class 0x000000080092c800 'java/lang/invoke/LambdaForm$MH+0x000000080092c800'

Classes redefined (0 events):
No events

Internal exceptions (20 events):
Event: 16.341 Thread 0x000001960e8168a0 Exception <a 'sun/nio/fs/WindowsException'{0x000000071cab1518}> (0x000000071cab1518) 
thrown [s\src\hotspot\share\prims\jni.cpp, line 516]
Event: 16.341 Thread 0x000001960e8168a0 Exception <a 'sun/nio/fs/WindowsException'{0x000000071cab2548}> (0x000000071cab2548) 
thrown [s\src\hotspot\share\prims\jni.cpp, line 516]
Event: 16.341 Thread 0x000001960e8168a0 Exception <a 'sun/nio/fs/WindowsException'{0x000000071cab2998}> (0x000000071cab2998) 
thrown [s\src\hotspot\share\prims\jni.cpp, line 516]
Event: 16.341 Thread 0x000001960e8168a0 Exception <a 'sun/nio/fs/WindowsException'{0x000000071cad4ae8}> (0x000000071cad4ae8) 
thrown [s\src\hotspot\share\prims\jni.cpp, line 516]
Event: 16.342 Thread 0x000001960e8168a0 Exception <a 'sun/nio/fs/WindowsException'{0x000000071cad4f18}> (0x000000071cad4f18) 
thrown [s\src\hotspot\share\prims\jni.cpp, line 516]
Event: 16.342 Thread 0x000001960e8168a0 Exception <a 'sun/nio/fs/WindowsException'{0x000000071cad5f30}> (0x000000071cad5f30) 
thrown [s\src\hotspot\share\prims\jni.cpp, line 516]
Event: 16.342 Thread 0x000001960e8168a0 Exception <a 'sun/nio/fs/WindowsException'{0x000000071cad6380}> (0x000000071cad6380) 
thrown [s\src\hotspot\share\prims\jni.cpp, line 516]
Event: 16.343 Thread 0x000001960e8168a0 Exception <a 'sun/nio/fs/WindowsException'{0x000000071cb0f950}> (0x000000071cb0f950) 
thrown [s\src\hotspot\share\prims\jni.cpp, line 516]
Event: 16.343 Thread 0x000001960e8168a0 Exception <a 'sun/nio/fs/WindowsException'{0x000000071cb0fda0}> (0x000000071cb0fda0) 
thrown [s\src\hotspot\share\prims\jni.cpp, line 516]
Event: 16.343 Thread 0x000001960e8168a0 Exception <a 'sun/nio/fs/WindowsException'{0x000000071cb11338}> (0x000000071cb11338) 
thrown [s\src\hotspot\share\prims\jni.cpp, line 516]
Event: 16.343 Thread 0x000001960e8168a0 Exception <a 'sun/nio/fs/WindowsException'{0x000000071cb117a8}> (0x000000071cb117a8) 
thrown [s\src\hotspot\share\prims\jni.cpp, line 516]
Event: 16.343 Thread 0x000001960e8168a0 Exception <a 'sun/nio/fs/WindowsException'{0x000000071cb3d0e8}> (0x000000071cb3d0e8) 
thrown [s\src\hotspot\share\prims\jni.cpp, line 516]
Event: 16.343 Thread 0x000001960e8168a0 Exception <a 'sun/nio/fs/WindowsException'{0x000000071cb3d530}> (0x000000071cb3d530) 
thrown [s\src\hotspot\share\prims\jni.cpp, line 516]
Event: 16.343 Thread 0x000001960e8168a0 Exception <a 'sun/nio/fs/WindowsException'{0x000000071cb3eab8}> (0x000000071cb3eab8) 
thrown [s\src\hotspot\share\prims\jni.cpp, line 516]
Event: 16.343 Thread 0x000001960e8168a0 Exception <a 'sun/nio/fs/WindowsException'{0x000000071cb3ef20}> (0x000000071cb3ef20) 
thrown [s\src\hotspot\share\prims\jni.cpp, line 516]
Event: 49.967 Thread 0x000001960e5fb020 Exception <a 'java/lang/NoSuchMethodError'{0x000000071c602d18}: 'void java.lang.invoke.DirectMethodHandle$Holder.invokeStatic(java.lang.Object, long)'> (0x000000071c602d18) 
thrown [s\src\hotspot\share\interpreter\linkResolver.cpp, line 759]
Event: 49.968 Thread 0x000001960e5fb020 Exception <a 'java/lang/NoSuchMethodError'{0x000000071c6080c8}: 'java.lang.Object java.lang.invoke.DirectMethodHandle$Holder.newInvokeSpecial(java.lang.Object, long)'> (0x000000071c6080c8) 
thrown [s\src\hotspot\share\interpreter\linkResolver.cpp, line 759]
Event: 49.969 Thread 0x000001960e5fb020 Exception <a 'java/lang/NoSuchMethodError'{0x000000071c60ec48}: 'java.lang.Object java.lang.invoke.DirectMethodHandle$Holder.invokeStatic(java.lang.Object, java.lang.Object, long, java.lang.Object)'> (0x000000071c60ec48) 
thrown [s\src\hotspot\share\interpreter\linkResolver.cpp, line 759]
Event: 49.969 Thread 0x000001960e5fb020 Exception <a 'java/lang/NoSuchMethodError'{0x000000071c6126e0}: 'java.lang.Object java.lang.invoke.DirectMethodHandle$Holder.invokeStaticInit(java.lang.Object, java.lang.Object, long, java.lang.Object)'> (0x000000071c6126e0) 
thrown [s\src\hotspot\share\interpreter\linkResolver.cpp, line 759]
Event: 49.969 Thread 0x000001960e5fb020 Exception <a 'java/lang/NoSuchMethodError'{0x000000071c618a18}: 'java.lang.Object java.lang.invoke.DirectMethodHandle$Holder.newInvokeSpecial(java.lang.Object, java.lang.Object, long)'> (0x000000071c618a18) 
thrown [s\src\hotspot\share\interpreter\linkResolver.cpp, line 759]

VM Operations (20 events):
Event: 34331.675 Executing VM operation: G1CollectFull done
Event: 34341.867 Executing VM operation: G1CollectFull
Event: 34341.917 Executing VM operation: G1CollectFull done
Event: 34352.051 Executing VM operation: G1CollectFull
Event: 34352.083 Executing VM operation: G1CollectFull done
Event: 34362.228 Executing VM operation: G1CollectFull
Event: 34362.259 Executing VM operation: G1CollectFull done
Event: 34372.392 Executing VM operation: G1CollectFull
Event: 34372.426 Executing VM operation: G1CollectFull done
Event: 34382.562 Executing VM operation: G1CollectFull
Event: 34382.591 Executing VM operation: G1CollectFull done
Event: 34392.733 Executing VM operation: G1CollectFull
Event: 34392.764 Executing VM operation: G1CollectFull done
Event: 34402.902 Executing VM operation: G1CollectFull
Event: 34402.933 Executing VM operation: G1CollectFull done
Event: 34413.075 Executing VM operation: G1CollectFull
Event: 34413.108 Executing VM operation: G1CollectFull done
Event: 34423.233 Executing VM operation: G1CollectFull
Event: 34423.267 Executing VM operation: G1CollectFull done
Event: 34433.282 Executing VM operation: G1CollectFull

Events (20 events):
Event: 136.351 Thread 0x0000019615b47bd0 Thread exited: 0x0000019615b47bd0
Event: 136.802 Thread 0x000001960e814220 Thread exited: 0x000001960e814220
Event: 162.867 Thread 0x000001960e70ca40 Thread exited: 0x000001960e70ca40
Event: 196.357 Thread 0x0000019615b47230 Thread exited: 0x0000019615b47230
Event: 256.363 Thread 0x0000019615b4b0c0 Thread exited: 0x0000019615b4b0c0
Event: 316.365 Thread 0x0000019615b463c0 Thread exited: 0x0000019615b463c0
Event: 376.368 Thread 0x0000019615b49d80 Thread exited: 0x0000019615b49d80
Event: 436.376 Thread 0x0000019615b480a0 Thread exited: 0x0000019615b480a0
Event: 496.394 Thread 0x0000019615b48f10 Thread exited: 0x0000019615b48f10
Event: 556.396 Thread 0x0000019615b45ef0 Thread exited: 0x0000019615b45ef0
Event: 616.405 Thread 0x0000019615b4cda0 Thread exited: 0x0000019615b4cda0
Event: 676.412 Thread 0x000001960e819d90 Thread exited: 0x000001960e819d90
Event: 736.419 Thread 0x0000019615b4c8d0 Thread exited: 0x0000019615b4c8d0
Event: 796.431 Thread 0x0000019615b46d60 Thread exited: 0x0000019615b46d60
Event: 856.441 Thread 0x000001960e81a730 Thread exited: 0x000001960e81a730
Event: 916.448 Thread 0x000001960e818f20 Thread exited: 0x000001960e818f20
Event: 1232.840 Thread 0x000001960e8180b0 Thread added: 0x000001960e8180b0
Event: 1232.841 Thread 0x000001960e815560 Thread added: 0x000001960e815560
Event: 1293.030 Thread 0x000001960e8180b0 Thread exited: 0x000001960e8180b0
Event: 1293.247 Thread 0x000001960e815560 Thread exited: 0x000001960e815560


Dynamic libraries:
0x00007ff7cb770000 - 0x00007ff7cb77e000 	c:\Users\FT\.vscode\extensions\redhat.java-1.13.0-win32-x64\jre\17.0.5-win32-x86_64\bin\java.exe
0x00007fff0bb30000 - 0x00007fff0bd44000 	C:\WINDOWS\SYSTEM32\ntdll.dll
0x00007fff0aca0000 - 0x00007fff0ad63000 	C:\WINDOWS\System32\KERNEL32.DLL
0x00007fff092f0000 - 0x00007fff0968d000 	C:\WINDOWS\System32\KERNELBASE.dll
0x00007fff05f50000 - 0x00007fff05fe7000 	C:\WINDOWS\SYSTEM32\apphelp.dll
0x00007fff09160000 - 0x00007fff09271000 	C:\WINDOWS\System32\ucrtbase.dll
0x00007ffef8360000 - 0x00007ffef8377000 	c:\Users\FT\.vscode\extensions\redhat.java-1.13.0-win32-x64\jre\17.0.5-win32-x86_64\bin\jli.dll
0x00007ffef9330000 - 0x00007ffef9349000 	c:\Users\FT\.vscode\extensions\redhat.java-1.13.0-win32-x64\jre\17.0.5-win32-x86_64\bin\VCRUNTIME140.dll
0x00007fff0b500000 - 0x00007fff0b6ad000 	C:\WINDOWS\System32\USER32.dll
0x00007ffeefbf0000 - 0x00007ffeefe7e000 	C:\WINDOWS\WinSxS\amd64_microsoft.windows.common-controls_6595b64144ccf1df_6.0.22621.608_none_a9444ca7c10bb01d\COMCTL32.dll
0x00007fff0abc0000 - 0x00007fff0ac67000 	C:\WINDOWS\System32\msvcrt.dll
0x00007fff08f50000 - 0x00007fff08f76000 	C:\WINDOWS\System32\win32u.dll
0x00007fff0ac70000 - 0x00007fff0ac99000 	C:\WINDOWS\System32\GDI32.dll
0x00007fff08f80000 - 0x00007fff09092000 	C:\WINDOWS\System32\gdi32full.dll
0x00007fff09710000 - 0x00007fff097aa000 	C:\WINDOWS\System32\msvcp_win.dll
0x00007fff0ad70000 - 0x00007fff0ada2000 	C:\WINDOWS\System32\IMM32.DLL
0x00007fff01960000 - 0x00007fff0196c000 	c:\Users\FT\.vscode\extensions\redhat.java-1.13.0-win32-x64\jre\17.0.5-win32-x86_64\bin\vcruntime140_1.dll
0x00007ffeb7070000 - 0x00007ffeb7101000 	c:\Users\FT\.vscode\extensions\redhat.java-1.13.0-win32-x64\jre\17.0.5-win32-x86_64\bin\msvcp140.dll
0x00007ffe68a80000 - 0x00007ffe696c4000 	c:\Users\FT\.vscode\extensions\redhat.java-1.13.0-win32-x64\jre\17.0.5-win32-x86_64\bin\server\jvm.dll
0x00007fff0b870000 - 0x00007fff0b91e000 	C:\WINDOWS\System32\ADVAPI32.dll
0x00007fff0ba20000 - 0x00007fff0bac4000 	C:\WINDOWS\System32\sechost.dll
0x00007fff0adb0000 - 0x00007fff0aec5000 	C:\WINDOWS\System32\RPCRT4.dll
0x00007ffefd450000 - 0x00007ffefd459000 	C:\WINDOWS\SYSTEM32\WSOCK32.dll
0x00007fff09ae0000 - 0x00007fff09b51000 	C:\WINDOWS\System32\WS2_32.dll
0x00007fff030e0000 - 0x00007fff03114000 	C:\WINDOWS\SYSTEM32\WINMM.dll
0x00007fff03e10000 - 0x00007fff03e1a000 	C:\WINDOWS\SYSTEM32\VERSION.dll
0x00007fff080a0000 - 0x00007fff080b8000 	C:\WINDOWS\SYSTEM32\kernel.appcore.dll
0x00007ffefa290000 - 0x00007ffefa29a000 	c:\Users\FT\.vscode\extensions\redhat.java-1.13.0-win32-x64\jre\17.0.5-win32-x86_64\bin\jimage.dll
0x00007fff06910000 - 0x00007fff06b3e000 	C:\WINDOWS\SYSTEM32\DBGHELP.DLL
0x00007fff0a4f0000 - 0x00007fff0a87a000 	C:\WINDOWS\System32\combase.dll
0x00007fff099e0000 - 0x00007fff09ab7000 	C:\WINDOWS\System32\OLEAUT32.dll
0x00007fff02370000 - 0x00007fff023a2000 	C:\WINDOWS\SYSTEM32\dbgcore.DLL
0x00007fff09690000 - 0x00007fff0970b000 	C:\WINDOWS\System32\bcryptPrimitives.dll
0x00007ffee3480000 - 0x00007ffee34a5000 	c:\Users\FT\.vscode\extensions\redhat.java-1.13.0-win32-x64\jre\17.0.5-win32-x86_64\bin\java.dll
0x00007ffef27a0000 - 0x00007ffef27b8000 	c:\Users\FT\.vscode\extensions\redhat.java-1.13.0-win32-x64\jre\17.0.5-win32-x86_64\bin\zip.dll
0x00007fff09b60000 - 0x00007fff0a34f000 	C:\WINDOWS\System32\SHELL32.dll
0x00007fff06f90000 - 0x00007fff07858000 	C:\WINDOWS\SYSTEM32\windows.storage.dll
0x00007fff06e50000 - 0x00007fff06f8e000 	C:\WINDOWS\SYSTEM32\wintypes.dll
0x00007fff0b920000 - 0x00007fff0ba11000 	C:\WINDOWS\System32\SHCORE.dll
0x00007fff0b450000 - 0x00007fff0b4ae000 	C:\WINDOWS\System32\shlwapi.dll
0x00007fff08e80000 - 0x00007fff08ea1000 	C:\WINDOWS\SYSTEM32\profapi.dll
0x00007ffef27c0000 - 0x00007ffef27d9000 	C:\Users\FT\.vscode\extensions\redhat.java-1.13.0-win32-x64\jre\17.0.5-win32-x86_64\bin\net.dll
0x00007fff02ef0000 - 0x00007fff0301f000 	C:\WINDOWS\SYSTEM32\WINHTTP.dll
0x00007fff08500000 - 0x00007fff08569000 	C:\WINDOWS\system32\mswsock.dll
0x00007ffef2780000 - 0x00007ffef2795000 	C:\Users\FT\.vscode\extensions\redhat.java-1.13.0-win32-x64\jre\17.0.5-win32-x86_64\bin\nio.dll
0x00007fff01790000 - 0x00007fff017a0000 	c:\Users\FT\.vscode\extensions\redhat.java-1.13.0-win32-x64\jre\17.0.5-win32-x86_64\bin\verify.dll
0x00007ffef9270000 - 0x00007ffef9279000 	C:\Users\FT\.vscode\extensions\redhat.java-1.13.0-win32-x64\jre\17.0.5-win32-x86_64\bin\management.dll
0x00007ffef90c0000 - 0x00007ffef90cb000 	C:\Users\FT\.vscode\extensions\redhat.java-1.13.0-win32-x64\jre\17.0.5-win32-x86_64\bin\management_ext.dll
0x00007fff09ad0000 - 0x00007fff09ad8000 	C:\WINDOWS\System32\PSAPI.DLL
0x00007fff03250000 - 0x00007fff03267000 	C:\WINDOWS\system32\napinsp.dll
0x00007fff03230000 - 0x00007fff0324b000 	C:\WINDOWS\system32\pnrpnsp.dll
0x00007fff07b90000 - 0x00007fff07c82000 	C:\WINDOWS\SYSTEM32\DNSAPI.dll
0x00007fff07b20000 - 0x00007fff07b4d000 	C:\WINDOWS\SYSTEM32\IPHLPAPI.DLL
0x00007fff0aa40000 - 0x00007fff0aa49000 	C:\WINDOWS\System32\NSI.dll
0x00007ffefd4e0000 - 0x00007ffefd4f1000 	C:\WINDOWS\System32\winrnr.dll
0x00007ffed3a70000 - 0x00007ffed3a85000 	C:\WINDOWS\system32\wshbth.dll
0x00007ffefd4b0000 - 0x00007ffefd4d1000 	C:\WINDOWS\system32\nlansp_c.dll
0x00007fff00b80000 - 0x00007fff00b8a000 	C:\Windows\System32\rasadhlp.dll
0x00007fff01e20000 - 0x00007fff01ea3000 	C:\WINDOWS\System32\fwpuclnt.dll
0x00007fff08750000 - 0x00007fff0876b000 	C:\WINDOWS\SYSTEM32\CRYPTSP.dll
0x00007fff08010000 - 0x00007fff08045000 	C:\WINDOWS\system32\rsaenh.dll
0x00007fff085f0000 - 0x00007fff08618000 	C:\WINDOWS\SYSTEM32\USERENV.dll
0x00007fff088f0000 - 0x00007fff08918000 	C:\WINDOWS\SYSTEM32\bcrypt.dll
0x00007fff08770000 - 0x00007fff0877c000 	C:\WINDOWS\SYSTEM32\CRYPTBASE.dll
0x00007fff03200000 - 0x00007fff03219000 	C:\WINDOWS\SYSTEM32\dhcpcsvc6.DLL
0x00007fff02ed0000 - 0x00007fff02eef000 	C:\WINDOWS\SYSTEM32\dhcpcsvc.DLL
0x00007ffef85b0000 - 0x00007ffef85be000 	C:\Users\FT\.vscode\extensions\redhat.java-1.13.0-win32-x64\jre\17.0.5-win32-x86_64\bin\sunmscapi.dll
0x00007fff097b0000 - 0x00007fff09916000 	C:\WINDOWS\System32\CRYPT32.dll
0x00007fff088c0000 - 0x00007fff088ed000 	C:\WINDOWS\SYSTEM32\ncrypt.dll
0x00007fff08880000 - 0x00007fff088b7000 	C:\WINDOWS\SYSTEM32\NTASN1.dll
0x000000006c500000 - 0x000000006c5c7000 	C:\Users\FT\AppData\Local\Temp\snappy-1.1.8-7ff20c08-4aa4-4940-9b33-4a763aa0eef3-snappyjava.dll

dbghelp: loaded successfully - version: 4.0.5 - missing functions: none
symbol engine: initialized successfully - sym options: 0x614 - pdb path: .;c:\Users\FT\.vscode\extensions\redhat.java-1.13.0-win32-x64\jre\17.0.5-win32-x86_64\bin;C:\WINDOWS\SYSTEM32;C:\WINDOWS\WinSxS\amd64_microsoft.windows.common-controls_6595b64144ccf1df_6.0.22621.608_none_a9444ca7c10bb01d;c:\Users\FT\.vscode\extensions\redhat.java-1.13.0-win32-x64\jre\17.0.5-win32-x86_64\bin\server;C:\Users\FT\AppData\Local\Temp

VM Arguments:
jvm_args: -Dsts.lsp.client=vscode -Dsts.log.file=/dev/null -XX:TieredStopAtLevel=1 -Xlog:jni+resolve=off -Dspring.config.location=file:c:\Users\FT\.vscode\extensions\pivotal.vscode-spring-boot-1.42.0\language-server\BOOT-INF\classes\application.properties 
java_command: org.springframework.ide.vscode.boot.app.BootLanguageServerBootApp
java_class_path (initial): c:\Users\FT\.vscode\extensions\pivotal.vscode-spring-boot-1.42.0\language-server\BOOT-INF\classes;c:\Users\FT\.vscode\extensions\pivotal.vscode-spring-boot-1.42.0\language-server\BOOT-INF\lib\annotations-23.1.0.jar;c:\Users\FT\.vscode\extensions\pivotal.vscode-spring-boot-1.42.0\language-server\BOOT-INF\lib\ant-1.10.12.jar;c:\Users\FT\.vscode\extensions\pivotal.vscode-spring-boot-1.42.0\language-server\BOOT-INF\lib\ant-launcher-1.10.12.jar;c:\Users\FT\.vscode\extensions\pivotal.vscode-spring-boot-1.42.0\language-server\BOOT-INF\lib\antlr-runtime-3.5.2.jar;c:\Users\FT\.vscode\extensions\pivotal.vscode-spring-boot-1.42.0\language-server\BOOT-INF\lib\antlr4-4.9.3.jar;c:\Users\FT\.vscode\extensions\pivotal.vscode-spring-boot-1.42.0\language-server\BOOT-INF\lib\antlr4-runtime-4.9.3.jar;c:\Users\FT\.vscode\extensions\pivotal.vscode-spring-boot-1.42.0\language-server\BOOT-INF\lib\apiguardian-api-1.1.2.jar;c:\Users\FT\.vscode\extensions\pivotal.vscode-spring-boot-1.42.0\language-server\BOOT-INF\lib\asm-9.4.jar;c:\Users\FT\.vscode\extensions\pivotal.vscode-spring-boot-1.42.0\language-server\BOOT-INF\lib\asm-analysis-9.4.jar;c:\Users\FT\.vscode\extensions\pivotal.vscode-spring-boot-1.42.0\language-server\BOOT-INF\lib\asm-tree-9.4.jar;c:\Users\FT\.vscode\extensions\pivotal.vscode-spring-boot-1.42.0\language-server\BOOT-INF\lib\asm-util-9.4.jar;c:\Users\FT\.vscode\extensions\pivotal.vscode-spring-boot-1.42.0\language-server\BOOT-INF\lib\caffeine-2.9.3.jar;c:\Users\FT\.vscode\extensions\pivotal.vscode-spring-boot-1.42.0\language-server\BOOT-INF\lib\checker-qual-3.12.0.jar;c:\Users\FT\.vscode\extensions\pivotal.vscode-spring-boot-1.42.0\language-server\BOOT-INF\lib\ci-environment-9.1.0.jar;c:\Users\FT\.vscode\extensions\pivotal.vscode-spring-boot-1.42.0\language-server\BOOT-INF\lib\classgraph-4.8.149.jar;c:\Users\FT\.vscode\extensions\pivotal.vscode-spring-boot-1.42.0\language-server\BOOT-INF\lib\commons-codec-1.15.jar;c:\Users\FT\.vscode\extensions\p
Launcher Type: SUN_STANDARD

[Global flags]
     intx CICompilerCount                          = 4                                         {product} {ergonomic}
     uint ConcGCThreads                            = 3                                         {product} {ergonomic}
     uint G1ConcRefinementThreads                  = 10                                        {product} {ergonomic}
   size_t G1HeapRegionSize                         = 2097152                                   {product} {ergonomic}
    uintx GCDrainStackTargetSize                   = 64                                        {product} {ergonomic}
   size_t InitialHeapSize                          = 266338304                                 {product} {ergonomic}
   size_t MarkStackSize                            = 4194304                                   {product} {ergonomic}
   size_t MaxHeapSize                              = 4238344192                                {product} {ergonomic}
   size_t MaxNewSize                               = 2541748224                                {product} {ergonomic}
   size_t MinHeapDeltaBytes                        = 2097152                                   {product} {ergonomic}
   size_t MinHeapSize                              = 8388608                                   {product} {ergonomic}
    uintx NonProfiledCodeHeapSize                  = 0                                      {pd product} {ergonomic}
     bool ProfileInterpreter                       = false                                  {pd product} {command line}
    uintx ProfiledCodeHeapSize                     = 0                                      {pd product} {ergonomic}
   size_t SoftMaxHeapSize                          = 4238344192                             {manageable} {ergonomic}
     intx TieredStopAtLevel                        = 1                                         {product} {command line}
     bool UseCompressedClassPointers               = true                           {product lp64_product} {ergonomic}
     bool UseCompressedOops                        = true                           {product lp64_product} {ergonomic}
     bool UseG1GC                                  = true                                      {product} {ergonomic}
     bool UseLargePagesIndividualAllocation        = false                                  {pd product} {ergonomic}

Logging:
Log output configuration:
 #0: stdout all=warning,jni+resolve=off uptime,level,tags
 #1: stderr all=off uptime,level,tags

Environment Variables:
JAVA_HOME=C:\Program Files\Java\jre1.8.0_351
PATH=C:\Program Files\Java\apache-maven-3.8.6\bin;C:\Program Files (x86)\Common Files\Oracle\Java\javapath;C:\ProgramData\Oracle\Java\javapath;C:\WINDOWS\system32;C:\WINDOWS;C:\WINDOWS\System32\Wbem;C:\WINDOWS\System32\WindowsPowerShell\v1.0\;C:\WINDOWS\System32\OpenSSH\;C:\Program Files\dotnet\;C:\Program Files\NVIDIA Corporation\NVIDIA NvDLISR;C:\Program Files (x86)\NVIDIA Corporation\PhysX\Common;C:\Program Files\Git\cmd;C:\Program Files\MySQL\MySQL Shell 8.0\bin\;C:\Users\FT\AppData\Local\Microsoft\WindowsApps;;C:\Users\FT\AppData\Local\Programs\Microsoft VS Code\bin
USERNAME=FT
OS=Windows_NT
PROCESSOR_IDENTIFIER=Intel64 Family 6 Model 158 Stepping 10, GenuineIntel
TMP=C:\Users\FT\AppData\Local\Temp
TEMP=C:\Users\FT\AppData\Local\Temp



---------------  S Y S T E M  ---------------

OS:
 Windows 11 , 64 bit Build 22621 (10.0.22621.963)
OS uptime: 0 days 10:41 hours

CPU: total 12 (initial active 12) (6 cores per cpu, 2 threads per core) family 6 model 158 stepping 10 microcode 0xf0, cx8, cmov, fxsr, ht, mmx, 3dnowpref, sse, sse2, sse3, ssse3, sse4.1, sse4.2, popcnt, lzcnt, tsc, tscinvbit, avx, avx2, aes, erms, clmul, bmi1, bmi2, adx, fma, vzeroupper, clflush, clflushopt

Memory: 4k page, system-wide physical 16164M (1038M free)
TotalPageFile size 31278M (AvailPageFile size 5M)
current process WorkingSet (physical memory assigned to process): 140M, peak: 1283M
current process commit charge ("private bytes"): 333M, peak: 1303M

vm_info: OpenJDK 64-Bit Server VM (17.0.5+8) for windows-amd64 JRE (17.0.5+8), built on Oct 19 2022 04:48:13 by "temurin" with MS VC++ 16.7 (VS2019)

END.
